2023-11-07 06:14:09,454 INFO o.a.j.u.JMeterUtils: Setting Locale to en_US
2023-11-07 06:14:09,504 INFO o.a.j.JMeter: Loading user properties from: user.properties
2023-11-07 06:14:09,526 INFO o.a.j.JMeter: Loading system properties from: system.properties
2023-11-07 06:14:09,526 INFO o.a.j.JMeter: Loading additional properties from: C:\_JmeterLoadTestFolder\apache-jmeter-5.5\apache-jmeter-5.5\bin\user.properties
2023-11-07 06:14:09,536 INFO o.a.j.JMeter: Copyright (c) 1998-2022 The Apache Software Foundation
2023-11-07 06:14:09,536 INFO o.a.j.JMeter: Version 5.5
2023-11-07 06:14:09,536 INFO o.a.j.JMeter: java.version=21
2023-11-07 06:14:09,536 INFO o.a.j.JMeter: java.vm.name=Java HotSpot(TM) 64-Bit Server VM
2023-11-07 06:14:09,536 INFO o.a.j.JMeter: os.name=Windows 11
2023-11-07 06:14:09,536 INFO o.a.j.JMeter: os.arch=amd64
2023-11-07 06:14:09,536 INFO o.a.j.JMeter: os.version=10.0
2023-11-07 06:14:09,536 INFO o.a.j.JMeter: file.encoding=UTF-8
2023-11-07 06:14:09,536 INFO o.a.j.JMeter: java.awt.headless=true
2023-11-07 06:14:09,536 INFO o.a.j.JMeter: Max memory     =8577351680
2023-11-07 06:14:09,536 INFO o.a.j.JMeter: Available Processors =8
2023-11-07 06:14:09,557 INFO o.a.j.JMeter: Default Locale=English (United States)
2023-11-07 06:14:09,557 INFO o.a.j.JMeter: JMeter  Locale=English (United States)
2023-11-07 06:14:09,557 INFO o.a.j.JMeter: JMeterHome=C:\_JmeterLoadTestFolder\apache-jmeter-5.5\apache-jmeter-5.5
2023-11-07 06:14:09,557 INFO o.a.j.JMeter: user.dir  =C:\_JmeterLoadTestFolder\apache-jmeter-5.5\apache-jmeter-5.5\bin
2023-11-07 06:14:09,557 INFO o.a.j.JMeter: PWD       =C:\_JmeterLoadTestFolder\apache-jmeter-5.5\apache-jmeter-5.5\bin
2023-11-07 06:14:09,568 INFO o.a.j.JMeter: IP: 10.69.49.130 Name: AZUVPPVMEVDI721 FullName: AZUVPPVMEVDI721.corp.firstam.com
2023-11-07 06:14:09,589 INFO o.a.j.JMeter: Setting property 'jmeter.reportgenerator.outputdir' to:'C:\_JmeterLoadTestFolder\Oct23_Baseline\Dashboard\Test1_Dashboard_300U_5TT_1Hr\Dashboard_300U_Aggregate_HTML3'
2023-11-07 06:14:09,599 INFO o.a.j.r.d.ReportGenerator: ReportGenerator will use for Parsing the separator: ','
2023-11-07 06:14:09,599 INFO o.a.j.r.d.ReportGenerator: Will only generate report from results file: C:\_JmeterLoadTestFolder\Oct23_Baseline\Dashboard\Test1_Dashboard_300U_5TT_1Hr\Dashboard_300U_Aggrigate3.csv
2023-11-07 06:14:09,599 INFO o.a.j.r.d.ReportGenerator: Reading report generator properties from: C:\_JmeterLoadTestFolder\apache-jmeter-5.5\apache-jmeter-5.5\bin\reportgenerator.properties
2023-11-07 06:14:09,620 INFO o.a.j.r.d.ReportGenerator: Merging with JMeter properties
2023-11-07 06:14:09,631 INFO o.a.j.r.c.ReportGeneratorConfiguration: Property 'jmeter.reportgenerator.temp_dir' not found, using default value 'temp' instead.
2023-11-07 06:14:09,631 INFO o.a.j.r.c.ReportGeneratorConfiguration: Property 'jmeter.reportgenerator.apdex_per_transaction' not found, using default value 'null' instead.
2023-11-07 06:14:09,663 INFO o.a.j.r.c.ReportGeneratorConfiguration: apdex_per_transaction is empty, not APDEX per transaction customization
2023-11-07 06:14:09,663 INFO o.a.j.r.c.ReportGeneratorConfiguration: Property 'jmeter.reportgenerator.sample_filter' not found, using default value 'null' instead.
2023-11-07 06:14:09,663 INFO o.a.j.r.c.ReportGeneratorConfiguration: Property 'jmeter.reportgenerator.report_title' not found, using default value 'null' instead.
2023-11-07 06:14:09,663 INFO o.a.j.r.c.ReportGeneratorConfiguration: Property 'jmeter.reportgenerator.start_date' not found, using default value 'null' instead.
2023-11-07 06:14:09,663 INFO o.a.j.r.c.ReportGeneratorConfiguration: Property 'jmeter.reportgenerator.end_date' not found, using default value 'null' instead.
2023-11-07 06:14:09,663 INFO o.a.j.r.c.ReportGeneratorConfiguration: Property 'jmeter.reportgenerator.date_format' not found, using default value 'null' instead.
2023-11-07 06:14:09,682 INFO o.a.j.r.c.ReportGeneratorConfiguration: Will use date range start date: null, end date: null
2023-11-07 06:14:09,682 INFO o.a.j.r.c.ReportGeneratorConfiguration: Property 'jmeter.reportgenerator.graph.totalTPS.exclude_controllers' not found, using default value 'false' instead.
2023-11-07 06:14:09,682 INFO o.a.j.r.c.ReportGeneratorConfiguration: Property 'jmeter.reportgenerator.graph.activeThreadsOverTime.exclude_controllers' not found, using default value 'false' instead.
2023-11-07 06:14:09,682 INFO o.a.j.r.c.ReportGeneratorConfiguration: Property 'jmeter.reportgenerator.graph.timeVsThreads.exclude_controllers' not found, using default value 'false' instead.
2023-11-07 06:14:09,694 INFO o.a.j.r.c.ReportGeneratorConfiguration: Property 'jmeter.reportgenerator.graph.responseTimeDistribution.exclude_controllers' not found, using default value 'false' instead.
2023-11-07 06:14:09,694 INFO o.a.j.r.c.ReportGeneratorConfiguration: Property 'jmeter.reportgenerator.graph.transactionsPerSecond.exclude_controllers' not found, using default value 'false' instead.
2023-11-07 06:14:09,694 INFO o.a.j.r.c.ReportGeneratorConfiguration: Property 'jmeter.reportgenerator.graph.responseTimePercentiles.exclude_controllers' not found, using default value 'false' instead.
2023-11-07 06:14:09,694 INFO o.a.j.r.c.ReportGeneratorConfiguration: Property 'jmeter.reportgenerator.graph.responseTimePercentilesOverTime.exclude_controllers' not found, using default value 'false' instead.
2023-11-07 06:14:09,694 INFO o.a.j.r.c.ReportGeneratorConfiguration: Property 'jmeter.reportgenerator.graph.responseTimesOverTime.exclude_controllers' not found, using default value 'false' instead.
2023-11-07 06:14:09,694 INFO o.a.j.r.c.ReportGeneratorConfiguration: Property 'jmeter.reportgenerator.graph.connectTimeOverTime.exclude_controllers' not found, using default value 'false' instead.
2023-11-07 06:14:09,694 INFO o.a.j.r.c.ReportGeneratorConfiguration: Property 'jmeter.reportgenerator.graph.latenciesOverTime.exclude_controllers' not found, using default value 'false' instead.
2023-11-07 06:14:09,694 INFO o.a.j.r.c.ReportGeneratorConfiguration: Property 'jmeter.reportgenerator.exporter.json.filters_only_sample_series' not found, using default value 'true' instead.
2023-11-07 06:14:09,694 INFO o.a.j.r.c.ReportGeneratorConfiguration: Property 'jmeter.reportgenerator.exporter.json.series_filter' not found, using default value '' instead.
2023-11-07 06:14:09,694 INFO o.a.j.r.c.ReportGeneratorConfiguration: Property 'jmeter.reportgenerator.exporter.json.show_controllers_only' not found, using default value 'false' instead.
2023-11-07 06:14:09,694 INFO o.a.j.r.c.ReportGeneratorConfiguration: Property 'jmeter.reportgenerator.exporter.html.filters_only_sample_series' not found, using default value 'true' instead.
2023-11-07 06:14:09,694 INFO o.a.j.r.c.ReportGeneratorConfiguration: Property 'jmeter.reportgenerator.exporter.html.series_filter' not found, using default value '' instead.
2023-11-07 06:14:09,694 INFO o.a.j.r.c.ReportGeneratorConfiguration: Property 'jmeter.reportgenerator.exporter.html.show_controllers_only' not found, using default value 'false' instead.
2023-11-07 06:14:10,057 INFO o.a.j.s.SaveService: Testplan (JMX) version: 2.2. Testlog (JTL) version: 2.2
2023-11-07 06:14:10,120 INFO o.a.j.s.SaveService: Using SaveService properties version 5.0
2023-11-07 06:14:10,135 INFO o.a.j.s.SaveService: Using SaveService properties file encoding UTF-8
2023-11-07 06:14:10,182 INFO o.a.j.r.p.NormalizerSampleConsumer: Using format, 'ms', to parse timeStamp field
2023-11-07 06:14:18,351 INFO o.a.j.r.p.AbstractSampleConsumer: class org.apache.jmeter.report.processor.AggregateConsumer#stopProducing(): beginDate produced 0 samples
2023-11-07 06:14:18,351 INFO o.a.j.r.p.AbstractSampleConsumer: class org.apache.jmeter.report.processor.AggregateConsumer#stopProducing(): endDate produced 0 samples
2023-11-07 06:14:18,351 INFO o.a.j.r.p.AbstractSampleConsumer: class org.apache.jmeter.report.processor.ApdexSummaryConsumer#stopProducing(): apdexSummary produced 0 samples
2023-11-07 06:14:18,351 INFO o.a.j.r.p.AbstractSampleConsumer: class org.apache.jmeter.report.processor.RequestsSummaryConsumer#stopProducing(): requestsSummary produced 0 samples
2023-11-07 06:14:18,401 INFO o.a.j.r.p.AbstractSampleConsumer: class org.apache.jmeter.report.processor.StatisticsSummaryConsumer#stopProducing(): statisticsSummary produced 0 samples
2023-11-07 06:14:18,401 INFO o.a.j.r.p.AbstractSampleConsumer: class org.apache.jmeter.report.processor.Top5ErrorsBySamplerConsumer#stopProducing(): top5ErrorsBySampler produced 0 samples
2023-11-07 06:14:18,401 INFO o.a.j.r.p.AbstractSampleConsumer: class org.apache.jmeter.report.processor.ErrorsSummaryConsumer#stopProducing(): errorsSummary produced 0 samples
2023-11-07 06:14:18,401 INFO o.a.j.r.p.AbstractSampleConsumer: class org.apache.jmeter.report.processor.graph.impl.HitsPerSecondGraphConsumer#stopProducing(): hitsPerSecond produced 0 samples
2023-11-07 06:14:20,698 INFO o.a.j.r.p.AbstractSampleConsumer: class org.apache.jmeter.report.processor.graph.impl.LatencyVSRequestGraphConsumer#stopProducing(): latencyVsRequest produced 0 samples
2023-11-07 06:14:20,713 INFO o.a.j.r.p.AbstractSampleConsumer: class org.apache.jmeter.report.processor.graph.impl.SyntheticResponseTimeDistributionGraphConsumer#stopProducing(): syntheticResponseTimeDistribution produced 0 samples
2023-11-07 06:14:20,713 INFO o.a.j.r.p.AbstractSampleConsumer: class org.apache.jmeter.report.processor.graph.impl.BytesThroughputGraphConsumer#stopProducing(): bytesThroughputOverTime produced 0 samples
2023-11-07 06:14:20,713 INFO o.a.j.r.p.AbstractSampleConsumer: class org.apache.jmeter.report.processor.graph.impl.CodesPerSecondGraphConsumer#stopProducing(): codesPerSecond produced 0 samples
2023-11-07 06:14:23,026 INFO o.a.j.r.p.AbstractSampleConsumer: class org.apache.jmeter.report.processor.graph.impl.ResponseTimeVSRequestGraphConsumer#stopProducing(): responseTimeVsRequest produced 0 samples
2023-11-07 06:14:23,026 INFO o.a.j.r.p.AbstractSampleConsumer: class org.apache.jmeter.report.processor.FilterConsumer#stopProducing(): startIntervalControlerFilter produced 1159732 samples
2023-11-07 06:14:23,026 INFO o.a.j.r.p.AbstractSampleConsumer: class org.apache.jmeter.report.processor.graph.impl.TotalTPSGraphConsumer#stopProducing(): totalTPS produced 0 samples
2023-11-07 06:14:23,026 INFO o.a.j.r.p.AbstractSampleConsumer: class org.apache.jmeter.report.processor.graph.impl.ActiveThreadsGraphConsumer#stopProducing(): activeThreadsOverTime produced 0 samples
2023-11-07 06:14:23,026 INFO o.a.j.r.p.AbstractSampleConsumer: class org.apache.jmeter.report.processor.graph.impl.TimeVSThreadGraphConsumer#stopProducing(): timeVsThreads produced 0 samples
2023-11-07 06:14:23,042 INFO o.a.j.r.p.AbstractSampleConsumer: class org.apache.jmeter.report.processor.graph.impl.ResponseTimeDistributionGraphConsumer#stopProducing(): responseTimeDistribution produced 0 samples
2023-11-07 06:14:23,042 INFO o.a.j.r.p.AbstractSampleConsumer: class org.apache.jmeter.report.processor.graph.impl.TransactionsPerSecondGraphConsumer#stopProducing(): transactionsPerSecond produced 0 samples
2023-11-07 06:14:23,042 INFO o.a.j.r.p.AbstractSampleConsumer: class org.apache.jmeter.report.processor.graph.impl.ResponseTimePercentilesGraphConsumer#stopProducing(): responseTimePercentiles produced 0 samples
2023-11-07 06:14:23,073 INFO o.a.j.r.p.AbstractSampleConsumer: class org.apache.jmeter.report.processor.graph.impl.ResponseTimePercentilesOverTimeGraphConsumer#stopProducing(): responseTimePercentilesOverTime produced 0 samples
2023-11-07 06:14:23,088 INFO o.a.j.r.p.AbstractSampleConsumer: class org.apache.jmeter.report.processor.graph.impl.ResponseTimeOverTimeGraphConsumer#stopProducing(): responseTimesOverTime produced 0 samples
2023-11-07 06:14:23,088 INFO o.a.j.r.p.AbstractSampleConsumer: class org.apache.jmeter.report.processor.graph.impl.ConnectTimeOverTimeGraphConsumer#stopProducing(): connectTimeOverTime produced 0 samples
2023-11-07 06:14:23,088 INFO o.a.j.r.p.AbstractSampleConsumer: class org.apache.jmeter.report.processor.graph.impl.LatencyOverTimeGraphConsumer#stopProducing(): latenciesOverTime produced 0 samples
2023-11-07 06:14:23,088 INFO o.a.j.r.p.AbstractSampleConsumer: class org.apache.jmeter.report.processor.FilterConsumer#stopProducing(): nameFilter produced 3373260 samples
2023-11-07 06:14:23,088 INFO o.a.j.r.p.AbstractSampleConsumer: class org.apache.jmeter.report.processor.FilterConsumer#stopProducing(): dateRangeFilter produced 674652 samples
2023-11-07 06:14:23,088 INFO o.a.j.r.p.AbstractSampleConsumer: class org.apache.jmeter.report.processor.NormalizerSampleConsumer#stopProducing(): normalizer produced 224884 samples
2023-11-07 06:14:23,088 INFO o.a.j.r.p.CsvFileSampleSource: produce(): 224884 samples produced in 12s 859 ms on channel 0
2023-11-07 06:14:23,088 INFO o.a.j.r.d.ReportGenerator: Exporting data using exporter:'json' of className:'org.apache.jmeter.report.dashboard.JsonExporter'
2023-11-07 06:14:23,307 INFO o.a.j.r.d.JsonExporter: Found data for consumer statisticsSummary in context
2023-11-07 06:14:23,307 INFO o.a.j.r.d.JsonExporter: Creating statistics for overall
2023-11-07 06:14:23,307 INFO o.a.j.r.d.JsonExporter: Creating statistics for other transactions
2023-11-07 06:14:23,307 INFO o.a.j.r.d.JsonExporter: Checking output folder
2023-11-07 06:14:23,307 INFO o.a.j.r.d.JsonExporter: Writing statistics JSON to C:\_JmeterLoadTestFolder\Oct23_Baseline\Dashboard\Test1_Dashboard_300U_5TT_1Hr\Dashboard_300U_Aggregate_HTML3\statistics.json
2023-11-07 06:14:23,385 INFO o.a.j.r.d.ReportGenerator: Exporting data using exporter:'html' of className:'org.apache.jmeter.report.dashboard.HtmlTemplateExporter'
2023-11-07 06:14:23,385 INFO o.a.j.r.d.HtmlTemplateExporter: Will generate dashboard in folder: C:\_JmeterLoadTestFolder\Oct23_Baseline\Dashboard\Test1_Dashboard_300U_5TT_1Hr\Dashboard_300U_Aggregate_HTML3
2023-11-07 06:14:23,714 INFO o.a.j.r.d.HtmlTemplateExporter: Report will be generated in: C:\_JmeterLoadTestFolder\Oct23_Baseline\Dashboard\Test1_Dashboard_300U_5TT_1Hr\Dashboard_300U_Aggregate_HTML3, creating folder structure
2023-11-07 06:14:23,714 INFO o.a.j.r.d.TemplateVisitor: Copying folder from 'C:\_JmeterLoadTestFolder\apache-jmeter-5.5\apache-jmeter-5.5\bin\report-template' to 'C:\_JmeterLoadTestFolder\Oct23_Baseline\Dashboard\Test1_Dashboard_300U_5TT_1Hr\Dashboard_300U_Aggregate_HTML3', got message: C:\_JmeterLoadTestFolder\Oct23_Baseline\Dashboard\Test1_Dashboard_300U_5TT_1Hr\Dashboard_300U_Aggregate_HTML3, found non empty folder with following content [C:\_JmeterLoadTestFolder\Oct23_Baseline\Dashboard\Test1_Dashboard_300U_5TT_1Hr\Dashboard_300U_Aggregate_HTML3\statistics.json], will be ignored
