2024-01-27 20:29:28,337 INFO o.a.j.u.JMeterUtils: Setting Locale to en_US
2024-01-27 20:29:28,402 INFO o.a.j.JMeter: Loading user properties from: user.properties
2024-01-27 20:29:28,418 INFO o.a.j.JMeter: Loading system properties from: system.properties
2024-01-27 20:29:28,418 INFO o.a.j.JMeter: Copyright (c) 1998-2022 The Apache Software Foundation
2024-01-27 20:29:28,418 INFO o.a.j.JMeter: Version 5.5
2024-01-27 20:29:28,418 INFO o.a.j.JMeter: java.version=21.0.1
2024-01-27 20:29:28,418 INFO o.a.j.JMeter: java.vm.name=Java HotSpot(TM) 64-Bit Server VM
2024-01-27 20:29:28,418 INFO o.a.j.JMeter: os.name=Windows 11
2024-01-27 20:29:28,418 INFO o.a.j.JMeter: os.arch=amd64
2024-01-27 20:29:28,418 INFO o.a.j.JMeter: os.version=10.0
2024-01-27 20:29:28,418 INFO o.a.j.JMeter: file.encoding=UTF-8
2024-01-27 20:29:28,418 INFO o.a.j.JMeter: java.awt.headless=null
2024-01-27 20:29:28,418 INFO o.a.j.JMeter: Max memory     =8577351680
2024-01-27 20:29:28,434 INFO o.a.j.JMeter: Available Processors =8
2024-01-27 20:29:28,450 INFO o.a.j.JMeter: Default Locale=English (United States)
2024-01-27 20:29:28,450 INFO o.a.j.JMeter: JMeter  Locale=English (United States)
2024-01-27 20:29:28,450 INFO o.a.j.JMeter: JMeterHome=C:\_JmeterLoadTestFolder\apache-jmeter-5.5\apache-jmeter-5.5
2024-01-27 20:29:28,450 INFO o.a.j.JMeter: user.dir  =C:\_JmeterLoadTestFolder\apache-jmeter-5.5\apache-jmeter-5.5\bin
2024-01-27 20:29:28,450 INFO o.a.j.JMeter: PWD       =C:\_JmeterLoadTestFolder\apache-jmeter-5.5\apache-jmeter-5.5\bin
2024-01-27 20:29:28,450 INFO o.a.j.JMeter: IP: 10.69.49.130 Name: AZUVPPVMEVDI721 FullName: AZUVPPVMEVDI721.corp.firstam.com
2024-01-27 20:29:28,481 INFO o.a.j.JMeter: Loaded icon properties from org/apache/jmeter/images/icon.properties
2024-01-27 20:29:28,798 INFO o.a.j.JMeterGuiLauncher: Setting LAF to: laf:javax.swing.plaf.metal.MetalLookAndFeel
2024-01-27 20:29:32,853 WARN o.j.r.PluginManager: Found JAR conflict: C:\_JmeterLoadTestFolder\apache-jmeter-5.5\apache-jmeter-5.5\lib\log4j-1.2-api-2.17.2.jar and C:\_JmeterLoadTestFolder\apache-jmeter-5.5\apache-jmeter-5.5\lib\log4j-1.2-api-2.15.0.jar
2024-01-27 20:29:32,853 WARN o.j.r.PluginManager: Found JAR conflict: C:\_JmeterLoadTestFolder\apache-jmeter-5.5\apache-jmeter-5.5\lib\log4j-api-2.17.2.jar and C:\_JmeterLoadTestFolder\apache-jmeter-5.5\apache-jmeter-5.5\lib\log4j-api-2.15.0.jar
2024-01-27 20:29:32,853 WARN o.j.r.PluginManager: Found JAR conflict: C:\_JmeterLoadTestFolder\apache-jmeter-5.5\apache-jmeter-5.5\lib\log4j-core-2.17.2.jar and C:\_JmeterLoadTestFolder\apache-jmeter-5.5\apache-jmeter-5.5\lib\log4j-core-2.15.0.jar
2024-01-27 20:29:32,853 WARN o.j.r.PluginManager: Found JAR conflict: C:\_JmeterLoadTestFolder\apache-jmeter-5.5\apache-jmeter-5.5\lib\log4j-slf4j-impl-2.17.2.jar and C:\_JmeterLoadTestFolder\apache-jmeter-5.5\apache-jmeter-5.5\lib\log4j-slf4j-impl-2.15.0.jar
2024-01-27 20:29:32,853 WARN o.j.r.PluginManager: Found JAR conflict: C:\_JmeterLoadTestFolder\apache-jmeter-5.5\apache-jmeter-5.5\lib\ext\commons-codec-1.10.jar and C:\_JmeterLoadTestFolder\apache-jmeter-5.5\apache-jmeter-5.5\lib\commons-codec-1.15.jar
2024-01-27 20:29:32,853 WARN o.j.r.PluginManager: Found JAR conflict: C:\_JmeterLoadTestFolder\apache-jmeter-5.5\apache-jmeter-5.5\lib\ext\jackson-annotations-2.8.0.jar and C:\_JmeterLoadTestFolder\apache-jmeter-5.5\apache-jmeter-5.5\lib\jackson-annotations-2.13.3.jar
2024-01-27 20:29:32,853 WARN o.j.r.PluginManager: Found JAR conflict: C:\_JmeterLoadTestFolder\apache-jmeter-5.5\apache-jmeter-5.5\lib\ext\jackson-core-2.8.4.jar and C:\_JmeterLoadTestFolder\apache-jmeter-5.5\apache-jmeter-5.5\lib\jackson-core-2.13.3.jar
2024-01-27 20:29:32,853 WARN o.j.r.PluginManager: Found JAR conflict: C:\_JmeterLoadTestFolder\apache-jmeter-5.5\apache-jmeter-5.5\lib\ext\jackson-databind-2.8.4.jar and C:\_JmeterLoadTestFolder\apache-jmeter-5.5\apache-jmeter-5.5\lib\jackson-databind-2.13.3.jar
2024-01-27 20:29:32,853 WARN o.j.r.PluginManager: Found JAR conflict: C:\_JmeterLoadTestFolder\apache-jmeter-5.5\apache-jmeter-5.5\lib\ext\jmeter-plugins-manager-1.9.jar and C:\_JmeterLoadTestFolder\apache-jmeter-5.5\apache-jmeter-5.5\lib\ext\jmeter-plugins-manager-1.6.jar
2024-01-27 20:29:32,853 INFO o.j.r.JARSourceHTTP: Requesting https://jmeter-plugins.org/repo/?installID=windows_11-fa7630e3edd6661088712c37a7e62f88-gui
2024-01-27 20:29:34,974 INFO o.j.r.PluginManager: Plugins Status: [jpgc-casutg=2.10, jpgc-plugins-manager=1.6, jmeter-core=5.5, jmeter-ftp=5.5, jmeter-http=5.5, jmeter-jdbc=5.5, jmeter-jms=5.5, jmeter-junit=5.5, jmeter-java=5.5, jmeter-ldap=5.5, jmeter-mail=5.5, jmeter-mongodb=5.5, jmeter-native=5.5, jmeter-tcp=5.5, jmeter-components=5.5]
2024-01-27 20:29:34,978 INFO o.j.r.PluginManagerMenuItem: Plugins Manager has upgrades: [jpgc-plugins-manager]
2024-01-27 20:29:50,119 INFO o.a.j.s.FileServer: Default base='C:\_JmeterLoadTestFolder\apache-jmeter-5.5\apache-jmeter-5.5\bin'
2024-01-27 20:29:50,119 INFO o.a.j.g.a.Load: Loading file: C:\IgniteLT_Recodings_Don't_Delete\FinalizedScripts\FileChecklist.jmx
2024-01-27 20:29:50,119 INFO o.a.j.s.FileServer: Set new base='C:\IgniteLT_Recodings_Don't_Delete\FinalizedScripts'
2024-01-27 20:29:50,478 INFO o.a.j.s.SaveService: Testplan (JMX) version: 2.2. Testlog (JTL) version: 2.2
2024-01-27 20:29:50,525 INFO o.a.j.s.SaveService: Using SaveService properties version 5.0
2024-01-27 20:29:50,525 INFO o.a.j.s.SaveService: Using SaveService properties file encoding UTF-8
2024-01-27 20:29:50,525 INFO o.a.j.s.SaveService: Loading file: C:\IgniteLT_Recodings_Don't_Delete\FinalizedScripts\FileChecklist.jmx
2024-01-27 20:29:50,916 INFO o.a.j.p.h.c.CookieManager: Settings: Delete null: true Check: true Allow variable: true Save: false Prefix: COOKIE_
2024-01-27 20:29:50,931 INFO o.a.j.p.h.c.CacheManager: Will only cache the following methods: [GET]
2024-01-27 20:29:50,947 INFO o.a.j.p.h.s.HTTPSamplerBase: Parser for text/html is org.apache.jmeter.protocol.http.parser.LagartoBasedHtmlParser
2024-01-27 20:29:50,947 INFO o.a.j.p.h.s.HTTPSamplerBase: Parser for application/xhtml+xml is org.apache.jmeter.protocol.http.parser.LagartoBasedHtmlParser
2024-01-27 20:29:50,947 INFO o.a.j.p.h.s.HTTPSamplerBase: Parser for application/xml is org.apache.jmeter.protocol.http.parser.LagartoBasedHtmlParser
2024-01-27 20:29:50,947 INFO o.a.j.p.h.s.HTTPSamplerBase: Parser for text/xml is org.apache.jmeter.protocol.http.parser.LagartoBasedHtmlParser
2024-01-27 20:29:50,947 INFO o.a.j.p.h.s.HTTPSamplerBase: Parser for text/vnd.wap.wml is org.apache.jmeter.protocol.http.parser.RegexpHTMLParser
2024-01-27 20:29:50,947 INFO o.a.j.p.h.s.HTTPSamplerBase: Parser for text/css is org.apache.jmeter.protocol.http.parser.CssParser
2024-01-27 20:29:51,592 INFO o.a.j.s.SampleResult: Note: Sample TimeStamps are START times
2024-01-27 20:29:51,592 INFO o.a.j.s.SampleResult: sampleresult.default.encoding is set to ISO-8859-1
2024-01-27 20:29:51,592 INFO o.a.j.s.SampleResult: sampleresult.useNanoTime=true
2024-01-27 20:29:51,592 INFO o.a.j.s.SampleResult: sampleresult.nanoThreadSleep=5000
2024-01-27 20:29:51,759 INFO o.a.j.v.ViewResultsFullVisualizer: Add JavaFX to your Java installation if you want to use renderer: org.apache.jmeter.visualizers.RenderInBrowser
2024-01-27 20:29:52,228 INFO o.a.j.v.ViewResultsFullVisualizer: Add JavaFX to your Java installation if you want to use renderer: org.apache.jmeter.visualizers.RenderInBrowser
2024-01-27 20:29:52,384 INFO o.a.j.e.u.CompoundVariable: Note: Function class names must contain the string: '.functions.'
2024-01-27 20:29:52,384 INFO o.a.j.e.u.CompoundVariable: Note: Function class names must not contain the string: '.gui.'
2024-01-27 20:29:52,587 INFO o.a.j.v.ViewResultsFullVisualizer: Add JavaFX to your Java installation if you want to use renderer: org.apache.jmeter.visualizers.RenderInBrowser
2024-01-27 20:29:53,009 INFO o.a.j.v.ViewResultsFullVisualizer: Add JavaFX to your Java installation if you want to use renderer: org.apache.jmeter.visualizers.RenderInBrowser
2024-01-27 20:29:53,181 INFO o.a.j.v.ViewResultsFullVisualizer: Add JavaFX to your Java installation if you want to use renderer: org.apache.jmeter.visualizers.RenderInBrowser
2024-01-27 20:29:53,447 INFO o.a.j.s.FileServer: Set new base='C:\IgniteLT_Recodings_Don't_Delete\FinalizedScripts'
2024-01-29 21:02:14,654 INFO o.a.j.g.a.Load: Loading file: C:\_JmeterLoadTestFolder\JmeterScripts\RuleEngine_FileChecklist.jmx
2024-01-29 21:02:14,654 INFO o.a.j.s.FileServer: Set new base='C:\_JmeterLoadTestFolder\JmeterScripts'
2024-01-29 21:02:14,654 INFO o.a.j.s.SaveService: Loading file: C:\_JmeterLoadTestFolder\JmeterScripts\RuleEngine_FileChecklist.jmx
2024-01-29 21:02:15,082 INFO o.a.j.v.ViewResultsFullVisualizer: Add JavaFX to your Java installation if you want to use renderer: org.apache.jmeter.visualizers.RenderInBrowser
2024-01-29 21:02:15,383 INFO o.a.j.v.ViewResultsFullVisualizer: Add JavaFX to your Java installation if you want to use renderer: org.apache.jmeter.visualizers.RenderInBrowser
2024-01-29 21:02:15,747 INFO o.a.j.v.ViewResultsFullVisualizer: Add JavaFX to your Java installation if you want to use renderer: org.apache.jmeter.visualizers.RenderInBrowser
2024-01-29 21:02:15,950 INFO o.a.j.v.ViewResultsFullVisualizer: Add JavaFX to your Java installation if you want to use renderer: org.apache.jmeter.visualizers.RenderInBrowser
2024-01-29 21:02:16,233 INFO o.a.j.v.ViewResultsFullVisualizer: Add JavaFX to your Java installation if you want to use renderer: org.apache.jmeter.visualizers.RenderInBrowser
2024-01-29 21:02:16,502 INFO o.a.j.v.ViewResultsFullVisualizer: Add JavaFX to your Java installation if you want to use renderer: org.apache.jmeter.visualizers.RenderInBrowser
2024-01-29 21:02:16,614 INFO o.a.j.s.FileServer: Set new base='C:\_JmeterLoadTestFolder\JmeterScripts'
2024-01-29 21:43:56,825 INFO o.a.j.e.StandardJMeterEngine: Running the test!
2024-01-29 21:43:56,841 INFO o.a.j.s.SampleEvent: List of sample_variables: []
2024-01-29 21:43:56,841 INFO o.a.j.s.SampleEvent: List of sample_variables: []
2024-01-29 21:43:56,856 INFO o.a.j.g.u.JMeterMenuBar: setRunning(true, *local*)
2024-01-29 21:43:56,919 INFO o.a.j.e.StandardJMeterEngine: Starting ThreadGroup: 1 : RuleEngine_Refresh
2024-01-29 21:43:56,919 INFO o.a.j.e.StandardJMeterEngine: Starting 50 threads for group RuleEngine_Refresh.
2024-01-29 21:43:56,919 INFO o.a.j.e.StandardJMeterEngine: Thread will continue on error
2024-01-29 21:43:56,919 INFO k.a.j.t.AbstractSimpleThreadGroup: Starting thread group number 1 threads 50
2024-01-29 21:43:56,981 INFO k.a.j.t.AbstractSimpleThreadGroup: Started thread group number 1
2024-01-29 21:43:56,981 INFO o.a.j.e.StandardJMeterEngine: All thread groups have been started
2024-01-29 21:43:58,920 INFO o.a.j.t.JMeterThread: Thread started: RuleEngine_Refresh 1-50
2024-01-29 21:43:58,920 INFO o.a.j.s.FileServer: Stored: C:/_JmeterLoadTestFolder/ChargeProcess/CERT.csv
2024-01-29 21:44:00,920 INFO o.a.j.t.JMeterThread: Thread started: RuleEngine_Refresh 1-49
2024-01-29 21:44:02,919 INFO o.a.j.t.JMeterThread: Thread started: RuleEngine_Refresh 1-48
2024-01-29 21:44:04,919 INFO o.a.j.t.JMeterThread: Thread started: RuleEngine_Refresh 1-47
2024-01-29 21:44:06,921 INFO o.a.j.t.JMeterThread: Thread started: RuleEngine_Refresh 1-46
2024-01-29 21:44:08,920 INFO o.a.j.t.JMeterThread: Thread started: RuleEngine_Refresh 1-45
2024-01-29 21:44:10,921 INFO o.a.j.t.JMeterThread: Thread started: RuleEngine_Refresh 1-44
2024-01-29 21:44:12,920 INFO o.a.j.t.JMeterThread: Thread started: RuleEngine_Refresh 1-43
2024-01-29 21:44:14,920 INFO o.a.j.t.JMeterThread: Thread started: RuleEngine_Refresh 1-42
2024-01-29 21:44:16,919 INFO o.a.j.t.JMeterThread: Thread started: RuleEngine_Refresh 1-41
2024-01-29 21:44:18,920 INFO o.a.j.t.JMeterThread: Thread started: RuleEngine_Refresh 1-40
2024-01-29 21:44:20,919 INFO o.a.j.t.JMeterThread: Thread started: RuleEngine_Refresh 1-39
2024-01-29 21:44:22,919 INFO o.a.j.t.JMeterThread: Thread started: RuleEngine_Refresh 1-38
2024-01-29 21:44:24,920 INFO o.a.j.t.JMeterThread: Thread started: RuleEngine_Refresh 1-37
2024-01-29 21:44:26,920 INFO o.a.j.t.JMeterThread: Thread started: RuleEngine_Refresh 1-36
2024-01-29 21:44:28,920 INFO o.a.j.t.JMeterThread: Thread started: RuleEngine_Refresh 1-35
2024-01-29 21:44:30,920 INFO o.a.j.t.JMeterThread: Thread started: RuleEngine_Refresh 1-34
2024-01-29 21:44:32,920 INFO o.a.j.t.JMeterThread: Thread started: RuleEngine_Refresh 1-33
2024-01-29 21:44:34,919 INFO o.a.j.t.JMeterThread: Thread started: RuleEngine_Refresh 1-32
2024-01-29 21:44:36,919 INFO o.a.j.t.JMeterThread: Thread started: RuleEngine_Refresh 1-31
2024-01-29 21:44:38,920 INFO o.a.j.t.JMeterThread: Thread started: RuleEngine_Refresh 1-30
2024-01-29 21:44:40,919 INFO o.a.j.t.JMeterThread: Thread started: RuleEngine_Refresh 1-29
2024-01-29 21:44:42,920 INFO o.a.j.t.JMeterThread: Thread started: RuleEngine_Refresh 1-28
2024-01-29 21:44:44,919 INFO o.a.j.t.JMeterThread: Thread started: RuleEngine_Refresh 1-27
2024-01-29 21:44:46,919 INFO o.a.j.t.JMeterThread: Thread started: RuleEngine_Refresh 1-26
2024-01-29 21:44:48,919 INFO o.a.j.t.JMeterThread: Thread started: RuleEngine_Refresh 1-25
2024-01-29 21:44:50,919 INFO o.a.j.t.JMeterThread: Thread started: RuleEngine_Refresh 1-24
2024-01-29 21:44:52,920 INFO o.a.j.t.JMeterThread: Thread started: RuleEngine_Refresh 1-23
2024-01-29 21:44:54,920 INFO o.a.j.t.JMeterThread: Thread started: RuleEngine_Refresh 1-22
2024-01-29 21:44:56,919 INFO o.a.j.t.JMeterThread: Thread started: RuleEngine_Refresh 1-21
2024-01-29 21:44:58,919 INFO o.a.j.t.JMeterThread: Thread started: RuleEngine_Refresh 1-20
2024-01-29 21:44:58,950 INFO o.a.j.p.h.s.HTTPHCAbstractImpl: Local host = AZUVPPVMEVDI721
2024-01-29 21:44:58,966 INFO o.a.j.p.h.s.HTTPHC4Impl: HTTP request retry count = 0
2024-01-29 21:44:59,013 INFO o.a.j.p.h.s.h.LazyLayeredConnectionSocketFactory: Setting up HTTPS TrustAll Socket Factory
2024-01-29 21:44:59,013 INFO o.a.j.u.JsseSSLManager: Using default SSL protocol: TLS
2024-01-29 21:44:59,013 INFO o.a.j.u.JsseSSLManager: SSL session context: per-thread
2024-01-29 21:44:59,075 INFO o.a.j.u.SSLManager: JmeterKeyStore Location:  type JKS
2024-01-29 21:44:59,075 INFO o.a.j.u.SSLManager: KeyStore created OK
2024-01-29 21:44:59,075 WARN o.a.j.u.SSLManager: Keystore file not found, loading empty keystore
2024-01-29 21:44:59,655 INFO o.a.j.s.FileServer: Stored: C:/_JmeterLoadTestFolder/DataSetup/RuleEngineScenario/WAFiles_Refresh.csv
2024-01-29 21:45:00,920 INFO o.a.j.t.JMeterThread: Thread started: RuleEngine_Refresh 1-19
2024-01-29 21:45:02,919 INFO o.a.j.t.JMeterThread: Thread started: RuleEngine_Refresh 1-18
2024-01-29 21:45:04,920 INFO o.a.j.t.JMeterThread: Thread started: RuleEngine_Refresh 1-17
2024-01-29 21:45:06,919 INFO o.a.j.t.JMeterThread: Thread started: RuleEngine_Refresh 1-16
2024-01-29 21:45:08,920 INFO o.a.j.t.JMeterThread: Thread started: RuleEngine_Refresh 1-15
2024-01-29 21:45:10,921 INFO o.a.j.t.JMeterThread: Thread started: RuleEngine_Refresh 1-14
2024-01-29 21:45:12,919 INFO o.a.j.t.JMeterThread: Thread started: RuleEngine_Refresh 1-13
2024-01-29 21:45:14,919 INFO o.a.j.t.JMeterThread: Thread started: RuleEngine_Refresh 1-12
2024-01-29 21:45:16,919 INFO o.a.j.t.JMeterThread: Thread started: RuleEngine_Refresh 1-11
2024-01-29 21:45:18,921 INFO o.a.j.t.JMeterThread: Thread started: RuleEngine_Refresh 1-10
2024-01-29 21:45:20,919 INFO o.a.j.t.JMeterThread: Thread started: RuleEngine_Refresh 1-9
2024-01-29 21:45:22,920 INFO o.a.j.t.JMeterThread: Thread started: RuleEngine_Refresh 1-8
2024-01-29 21:45:24,920 INFO o.a.j.t.JMeterThread: Thread started: RuleEngine_Refresh 1-7
2024-01-29 21:45:26,919 INFO o.a.j.t.JMeterThread: Thread started: RuleEngine_Refresh 1-6
2024-01-29 21:45:28,920 INFO o.a.j.t.JMeterThread: Thread started: RuleEngine_Refresh 1-5
2024-01-29 21:45:30,921 INFO o.a.j.t.JMeterThread: Thread started: RuleEngine_Refresh 1-4
2024-01-29 21:45:32,920 INFO o.a.j.t.JMeterThread: Thread started: RuleEngine_Refresh 1-3
2024-01-29 21:45:34,920 INFO o.a.j.t.JMeterThread: Thread started: RuleEngine_Refresh 1-2
2024-01-29 21:45:36,920 INFO o.a.j.t.JMeterThread: Thread started: RuleEngine_Refresh 1-1
2024-01-29 21:46:07,901 INFO o.a.j.s.FileServer: Stored: C:/_JmeterLoadTestFolder/DataSetup/RuleEngineScenario/MIFiles_Refresh.csv
2024-01-29 22:11:53,387 INFO o.a.j.t.JMeterThread: Thread finished: RuleEngine_Refresh 1-47
2024-01-29 22:11:56,184 INFO o.a.j.t.JMeterThread: Thread finished: RuleEngine_Refresh 1-49
2024-01-29 22:11:58,528 INFO o.a.j.t.JMeterThread: Thread finished: RuleEngine_Refresh 1-46
2024-01-29 22:12:02,856 INFO o.a.j.t.JMeterThread: Thread finished: RuleEngine_Refresh 1-48
2024-01-29 22:12:03,262 INFO o.a.j.t.JMeterThread: Thread finished: RuleEngine_Refresh 1-50
2024-01-29 22:12:03,606 INFO o.a.j.t.JMeterThread: Thread finished: RuleEngine_Refresh 1-44
2024-01-29 22:12:05,434 INFO o.a.j.t.JMeterThread: Thread finished: RuleEngine_Refresh 1-45
2024-01-29 22:12:06,012 INFO o.a.j.t.JMeterThread: Thread finished: RuleEngine_Refresh 1-43
2024-01-29 22:12:07,140 INFO o.a.j.t.JMeterThread: Thread finished: RuleEngine_Refresh 1-42
2024-01-29 22:12:07,933 INFO o.a.j.t.JMeterThread: Thread finished: RuleEngine_Refresh 1-41
2024-01-29 22:12:08,356 INFO o.a.j.t.JMeterThread: Thread finished: RuleEngine_Refresh 1-40
2024-01-29 22:12:10,106 INFO o.a.j.t.JMeterThread: Thread finished: RuleEngine_Refresh 1-38
2024-01-29 22:12:11,028 INFO o.a.j.t.JMeterThread: Thread finished: RuleEngine_Refresh 1-39
2024-01-29 22:12:11,700 INFO o.a.j.t.JMeterThread: Thread finished: RuleEngine_Refresh 1-37
2024-01-29 22:12:16,481 INFO o.a.j.t.JMeterThread: Thread finished: RuleEngine_Refresh 1-35
2024-01-29 22:12:16,496 INFO o.a.j.t.JMeterThread: Thread finished: RuleEngine_Refresh 1-36
2024-01-29 22:12:19,653 INFO o.a.j.t.JMeterThread: Thread finished: RuleEngine_Refresh 1-34
2024-01-29 22:12:22,450 INFO o.a.j.t.JMeterThread: Thread finished: RuleEngine_Refresh 1-33
2024-01-29 22:12:23,090 INFO o.a.j.t.JMeterThread: Thread finished: RuleEngine_Refresh 1-32
2024-01-29 22:12:24,219 INFO o.a.j.t.JMeterThread: Thread finished: RuleEngine_Refresh 1-31
2024-01-29 22:12:26,403 INFO o.a.j.t.JMeterThread: Thread finished: RuleEngine_Refresh 1-30
2024-01-29 22:12:28,306 INFO o.a.j.t.JMeterThread: Thread finished: RuleEngine_Refresh 1-29
2024-01-29 22:12:32,825 INFO o.a.j.t.JMeterThread: Thread finished: RuleEngine_Refresh 1-28
2024-01-29 22:12:33,700 INFO o.a.j.t.JMeterThread: Thread finished: RuleEngine_Refresh 1-27
2024-01-29 22:12:34,137 INFO o.a.j.t.JMeterThread: Thread finished: RuleEngine_Refresh 1-26
2024-01-29 22:12:36,762 INFO o.a.j.t.JMeterThread: Thread finished: RuleEngine_Refresh 1-25
2024-01-29 22:12:38,684 INFO o.a.j.t.JMeterThread: Thread finished: RuleEngine_Refresh 1-24
2024-01-29 22:12:40,606 INFO o.a.j.t.JMeterThread: Thread finished: RuleEngine_Refresh 1-23
2024-01-29 22:12:41,872 INFO o.a.j.t.JMeterThread: Thread finished: RuleEngine_Refresh 1-22
2024-01-29 22:12:43,715 INFO o.a.j.t.JMeterThread: Thread finished: RuleEngine_Refresh 1-21
2024-01-29 22:12:47,243 INFO o.a.j.t.JMeterThread: Thread finished: RuleEngine_Refresh 1-20
2024-01-29 22:12:48,762 INFO o.a.j.t.JMeterThread: Thread finished: RuleEngine_Refresh 1-19
2024-01-29 22:12:49,700 INFO o.a.j.t.JMeterThread: Thread finished: RuleEngine_Refresh 1-18
2024-01-29 22:12:52,077 INFO o.a.j.t.JMeterThread: Thread finished: RuleEngine_Refresh 1-17
2024-01-29 22:12:54,968 INFO o.a.j.t.JMeterThread: Thread finished: RuleEngine_Refresh 1-16
2024-01-29 22:12:58,091 INFO o.a.j.t.JMeterThread: Thread finished: RuleEngine_Refresh 1-15
2024-01-29 22:13:04,544 INFO o.a.j.t.JMeterThread: Thread finished: RuleEngine_Refresh 1-13
2024-01-29 22:13:07,494 INFO o.a.j.t.JMeterThread: Thread finished: RuleEngine_Refresh 1-14
2024-01-29 22:13:09,463 INFO o.a.j.t.JMeterThread: Thread finished: RuleEngine_Refresh 1-12
2024-01-29 22:13:12,158 INFO o.a.j.t.JMeterThread: Thread finished: RuleEngine_Refresh 1-11
2024-01-29 22:13:12,705 INFO o.a.j.t.JMeterThread: Thread finished: RuleEngine_Refresh 1-8
2024-01-29 22:13:12,799 INFO o.a.j.t.JMeterThread: Thread finished: RuleEngine_Refresh 1-9
2024-01-29 22:13:13,330 INFO o.a.j.t.JMeterThread: Thread finished: RuleEngine_Refresh 1-10
2024-01-29 22:13:15,148 INFO o.a.j.t.JMeterThread: Thread finished: RuleEngine_Refresh 1-7
2024-01-29 22:13:15,539 INFO o.a.j.t.JMeterThread: Thread finished: RuleEngine_Refresh 1-6
2024-01-29 22:13:17,946 INFO o.a.j.t.JMeterThread: Thread finished: RuleEngine_Refresh 1-5
2024-01-29 22:13:19,512 INFO o.a.j.t.JMeterThread: Thread finished: RuleEngine_Refresh 1-4
2024-01-29 22:13:23,778 INFO o.a.j.t.JMeterThread: Thread finished: RuleEngine_Refresh 1-3
2024-01-29 22:13:24,794 INFO o.a.j.t.JMeterThread: Thread finished: RuleEngine_Refresh 1-2
2024-01-29 22:13:25,372 INFO o.a.j.t.JMeterThread: Thread finished: RuleEngine_Refresh 1-1
2024-01-29 22:13:25,372 INFO o.a.j.e.StandardJMeterEngine: Notifying test listeners of end of test
2024-01-29 22:13:25,372 INFO o.a.j.s.FileServer: Close: C:/_JmeterLoadTestFolder/DataSetup/RuleEngineScenario/WAFiles_Refresh.csv
2024-01-29 22:13:25,372 INFO o.a.j.s.FileServer: Close: C:/_JmeterLoadTestFolder/ChargeProcess/CERT.csv
2024-01-29 22:13:25,372 INFO o.a.j.s.FileServer: Close: C:/_JmeterLoadTestFolder/DataSetup/RuleEngineScenario/MIFiles_Refresh.csv
2024-01-29 22:13:25,387 INFO o.a.j.g.u.JMeterMenuBar: setRunning(false, *local*)
2024-01-29 22:30:48,325 INFO o.a.j.e.StandardJMeterEngine: Running the test!
2024-01-29 22:30:48,340 INFO o.a.j.s.SampleEvent: List of sample_variables: []
2024-01-29 22:30:48,340 INFO o.a.j.g.u.JMeterMenuBar: setRunning(true, *local*)
2024-01-29 22:30:48,413 INFO o.a.j.e.StandardJMeterEngine: Starting ThreadGroup: 1 : RuleEngine_Refresh
2024-01-29 22:30:48,413 INFO o.a.j.e.StandardJMeterEngine: Starting 50 threads for group RuleEngine_Refresh.
2024-01-29 22:30:48,413 INFO o.a.j.e.StandardJMeterEngine: Thread will continue on error
2024-01-29 22:30:48,413 INFO k.a.j.t.AbstractSimpleThreadGroup: Starting thread group number 1 threads 50
2024-01-29 22:30:48,450 INFO k.a.j.t.AbstractSimpleThreadGroup: Started thread group number 1
2024-01-29 22:30:48,450 INFO o.a.j.e.StandardJMeterEngine: All thread groups have been started
2024-01-29 22:30:50,414 INFO o.a.j.t.JMeterThread: Thread started: RuleEngine_Refresh 1-50
2024-01-29 22:30:50,414 INFO o.a.j.s.FileServer: Stored: C:/_JmeterLoadTestFolder/ChargeProcess/CERT.csv
2024-01-29 22:30:52,414 INFO o.a.j.t.JMeterThread: Thread started: RuleEngine_Refresh 1-49
2024-01-29 22:30:54,415 INFO o.a.j.t.JMeterThread: Thread started: RuleEngine_Refresh 1-48
2024-01-29 22:30:56,414 INFO o.a.j.t.JMeterThread: Thread started: RuleEngine_Refresh 1-47
2024-01-29 22:30:58,413 INFO o.a.j.t.JMeterThread: Thread started: RuleEngine_Refresh 1-46
2024-01-29 22:31:00,419 INFO o.a.j.t.JMeterThread: Thread started: RuleEngine_Refresh 1-45
2024-01-29 22:31:02,414 INFO o.a.j.t.JMeterThread: Thread started: RuleEngine_Refresh 1-44
2024-01-29 22:31:04,414 INFO o.a.j.t.JMeterThread: Thread started: RuleEngine_Refresh 1-43
2024-01-29 22:31:06,414 INFO o.a.j.t.JMeterThread: Thread started: RuleEngine_Refresh 1-42
2024-01-29 22:31:08,414 INFO o.a.j.t.JMeterThread: Thread started: RuleEngine_Refresh 1-41
2024-01-29 22:31:10,422 INFO o.a.j.t.JMeterThread: Thread started: RuleEngine_Refresh 1-40
2024-01-29 22:31:12,414 INFO o.a.j.t.JMeterThread: Thread started: RuleEngine_Refresh 1-39
2024-01-29 22:31:14,414 INFO o.a.j.t.JMeterThread: Thread started: RuleEngine_Refresh 1-38
2024-01-29 22:31:16,414 INFO o.a.j.t.JMeterThread: Thread started: RuleEngine_Refresh 1-37
2024-01-29 22:31:18,414 INFO o.a.j.t.JMeterThread: Thread started: RuleEngine_Refresh 1-36
2024-01-29 22:31:20,414 INFO o.a.j.t.JMeterThread: Thread started: RuleEngine_Refresh 1-35
2024-01-29 22:31:22,414 INFO o.a.j.t.JMeterThread: Thread started: RuleEngine_Refresh 1-34
2024-01-29 22:31:24,414 INFO o.a.j.t.JMeterThread: Thread started: RuleEngine_Refresh 1-33
2024-01-29 22:31:26,414 INFO o.a.j.t.JMeterThread: Thread started: RuleEngine_Refresh 1-32
2024-01-29 22:31:28,414 INFO o.a.j.t.JMeterThread: Thread started: RuleEngine_Refresh 1-31
2024-01-29 22:31:30,414 INFO o.a.j.t.JMeterThread: Thread started: RuleEngine_Refresh 1-30
2024-01-29 22:31:32,425 INFO o.a.j.t.JMeterThread: Thread started: RuleEngine_Refresh 1-29
2024-01-29 22:31:34,415 INFO o.a.j.t.JMeterThread: Thread started: RuleEngine_Refresh 1-28
2024-01-29 22:31:36,413 INFO o.a.j.t.JMeterThread: Thread started: RuleEngine_Refresh 1-27
2024-01-29 22:31:38,414 INFO o.a.j.t.JMeterThread: Thread started: RuleEngine_Refresh 1-26
2024-01-29 22:31:40,414 INFO o.a.j.t.JMeterThread: Thread started: RuleEngine_Refresh 1-25
2024-01-29 22:31:42,413 INFO o.a.j.t.JMeterThread: Thread started: RuleEngine_Refresh 1-24
2024-01-29 22:31:44,414 INFO o.a.j.t.JMeterThread: Thread started: RuleEngine_Refresh 1-23
2024-01-29 22:31:46,414 INFO o.a.j.t.JMeterThread: Thread started: RuleEngine_Refresh 1-22
2024-01-29 22:31:48,413 INFO o.a.j.t.JMeterThread: Thread started: RuleEngine_Refresh 1-21
2024-01-29 22:31:50,414 INFO o.a.j.t.JMeterThread: Thread started: RuleEngine_Refresh 1-20
2024-01-29 22:31:50,841 INFO o.a.j.s.FileServer: Stored: C:/_JmeterLoadTestFolder/DataSetup/RuleEngineScenario/WAFiles_Refresh.csv
2024-01-29 22:31:52,414 INFO o.a.j.t.JMeterThread: Thread started: RuleEngine_Refresh 1-19
2024-01-29 22:31:54,414 INFO o.a.j.t.JMeterThread: Thread started: RuleEngine_Refresh 1-18
2024-01-29 22:31:56,414 INFO o.a.j.t.JMeterThread: Thread started: RuleEngine_Refresh 1-17
2024-01-29 22:31:58,419 INFO o.a.j.t.JMeterThread: Thread started: RuleEngine_Refresh 1-16
2024-01-29 22:32:00,432 INFO o.a.j.t.JMeterThread: Thread started: RuleEngine_Refresh 1-15
2024-01-29 22:32:02,414 INFO o.a.j.t.JMeterThread: Thread started: RuleEngine_Refresh 1-14
2024-01-29 22:32:04,416 INFO o.a.j.t.JMeterThread: Thread started: RuleEngine_Refresh 1-13
2024-01-29 22:32:06,414 INFO o.a.j.t.JMeterThread: Thread started: RuleEngine_Refresh 1-12
2024-01-29 22:32:08,414 INFO o.a.j.t.JMeterThread: Thread started: RuleEngine_Refresh 1-11
2024-01-29 22:32:10,413 INFO o.a.j.t.JMeterThread: Thread started: RuleEngine_Refresh 1-10
2024-01-29 22:32:12,414 INFO o.a.j.t.JMeterThread: Thread started: RuleEngine_Refresh 1-9
2024-01-29 22:32:14,418 INFO o.a.j.t.JMeterThread: Thread started: RuleEngine_Refresh 1-8
2024-01-29 22:32:16,417 INFO o.a.j.t.JMeterThread: Thread started: RuleEngine_Refresh 1-7
2024-01-29 22:32:18,419 INFO o.a.j.t.JMeterThread: Thread started: RuleEngine_Refresh 1-6
2024-01-29 22:32:20,413 INFO o.a.j.t.JMeterThread: Thread started: RuleEngine_Refresh 1-5
2024-01-29 22:32:22,413 INFO o.a.j.t.JMeterThread: Thread started: RuleEngine_Refresh 1-4
2024-01-29 22:32:24,414 INFO o.a.j.t.JMeterThread: Thread started: RuleEngine_Refresh 1-3
2024-01-29 22:32:26,413 INFO o.a.j.t.JMeterThread: Thread started: RuleEngine_Refresh 1-2
2024-01-29 22:32:28,414 INFO o.a.j.t.JMeterThread: Thread started: RuleEngine_Refresh 1-1
2024-01-29 22:32:53,981 INFO o.a.j.s.FileServer: Stored: C:/_JmeterLoadTestFolder/DataSetup/RuleEngineScenario/MIFiles_Refresh.csv
2024-01-29 22:58:32,981 INFO o.a.j.t.JMeterThread: Thread finished: RuleEngine_Refresh 1-50
2024-01-29 22:58:33,544 INFO o.a.j.t.JMeterThread: Thread finished: RuleEngine_Refresh 1-49
2024-01-29 22:58:34,483 INFO o.a.j.t.JMeterThread: Thread finished: RuleEngine_Refresh 1-48
2024-01-29 22:58:36,124 INFO o.a.j.t.JMeterThread: Thread finished: RuleEngine_Refresh 1-47
2024-01-29 22:58:37,249 INFO o.a.j.t.JMeterThread: Thread finished: RuleEngine_Refresh 1-46
2024-01-29 22:58:40,293 INFO o.a.j.t.JMeterThread: Thread finished: RuleEngine_Refresh 1-45
2024-01-29 22:58:40,982 INFO o.a.j.t.JMeterThread: Thread finished: RuleEngine_Refresh 1-44
2024-01-29 22:58:42,910 INFO o.a.j.t.JMeterThread: Thread finished: RuleEngine_Refresh 1-43
2024-01-29 22:58:46,765 INFO o.a.j.t.JMeterThread: Thread finished: RuleEngine_Refresh 1-42
2024-01-29 22:58:47,078 INFO o.a.j.t.JMeterThread: Thread finished: RuleEngine_Refresh 1-41
2024-01-29 22:58:50,281 INFO o.a.j.t.JMeterThread: Thread finished: RuleEngine_Refresh 1-40
2024-01-29 22:58:53,152 INFO o.a.j.t.JMeterThread: Thread finished: RuleEngine_Refresh 1-39
2024-01-29 22:58:54,308 INFO o.a.j.t.JMeterThread: Thread finished: RuleEngine_Refresh 1-38
2024-01-29 22:58:57,402 INFO o.a.j.t.JMeterThread: Thread finished: RuleEngine_Refresh 1-37
2024-01-29 22:58:58,105 INFO o.a.j.t.JMeterThread: Thread finished: RuleEngine_Refresh 1-36
2024-01-29 22:59:00,277 INFO o.a.j.t.JMeterThread: Thread finished: RuleEngine_Refresh 1-35
2024-01-29 22:59:01,913 INFO o.a.j.t.JMeterThread: Thread finished: RuleEngine_Refresh 1-34
2024-01-29 22:59:03,194 INFO o.a.j.t.JMeterThread: Thread finished: RuleEngine_Refresh 1-33
2024-01-29 22:59:05,908 INFO o.a.j.t.JMeterThread: Thread finished: RuleEngine_Refresh 1-32
2024-01-29 22:59:07,065 INFO o.a.j.t.JMeterThread: Thread finished: RuleEngine_Refresh 1-31
2024-01-29 22:59:08,877 INFO o.a.j.t.JMeterThread: Thread finished: RuleEngine_Refresh 1-30
2024-01-29 22:59:10,675 INFO o.a.j.t.JMeterThread: Thread finished: RuleEngine_Refresh 1-29
2024-01-29 22:59:12,316 INFO o.a.j.t.JMeterThread: Thread finished: RuleEngine_Refresh 1-28
2024-01-29 22:59:14,644 INFO o.a.j.t.JMeterThread: Thread finished: RuleEngine_Refresh 1-27
2024-01-29 22:59:16,988 INFO o.a.j.t.JMeterThread: Thread finished: RuleEngine_Refresh 1-26
2024-01-29 22:59:19,742 INFO o.a.j.t.JMeterThread: Thread finished: RuleEngine_Refresh 1-25
2024-01-29 22:59:20,976 INFO o.a.j.t.JMeterThread: Thread finished: RuleEngine_Refresh 1-24
2024-01-29 22:59:23,512 INFO o.a.j.t.JMeterThread: Thread finished: RuleEngine_Refresh 1-23
2024-01-29 22:59:24,785 INFO o.a.j.t.JMeterThread: Thread finished: RuleEngine_Refresh 1-22
2024-01-29 22:59:26,505 INFO o.a.j.t.JMeterThread: Thread finished: RuleEngine_Refresh 1-21
2024-01-29 22:59:28,411 INFO o.a.j.t.JMeterThread: Thread finished: RuleEngine_Refresh 1-20
2024-01-29 22:59:30,542 INFO o.a.j.t.JMeterThread: Thread finished: RuleEngine_Refresh 1-19
2024-01-29 22:59:34,545 INFO o.a.j.t.JMeterThread: Thread finished: RuleEngine_Refresh 1-18
2024-01-29 22:59:36,873 INFO o.a.j.t.JMeterThread: Thread finished: RuleEngine_Refresh 1-17
2024-01-29 22:59:37,451 INFO o.a.j.t.JMeterThread: Thread finished: RuleEngine_Refresh 1-16
2024-01-29 22:59:39,267 INFO o.a.j.t.JMeterThread: Thread finished: RuleEngine_Refresh 1-15
2024-01-29 22:59:40,673 INFO o.a.j.t.JMeterThread: Thread finished: RuleEngine_Refresh 1-14
2024-01-29 22:59:44,749 INFO o.a.j.t.JMeterThread: Thread finished: RuleEngine_Refresh 1-13
2024-01-29 22:59:45,109 INFO o.a.j.t.JMeterThread: Thread finished: RuleEngine_Refresh 1-12
2024-01-29 22:59:48,190 INFO o.a.j.t.JMeterThread: Thread finished: RuleEngine_Refresh 1-11
2024-01-29 22:59:49,378 INFO o.a.j.t.JMeterThread: Thread finished: RuleEngine_Refresh 1-10
2024-01-29 22:59:51,999 INFO o.a.j.t.JMeterThread: Thread finished: RuleEngine_Refresh 1-9
2024-01-29 22:59:54,775 INFO o.a.j.t.JMeterThread: Thread finished: RuleEngine_Refresh 1-8
2024-01-29 22:59:54,791 INFO o.a.j.t.JMeterThread: Thread finished: RuleEngine_Refresh 1-7
2024-01-29 22:59:59,229 INFO o.a.j.t.JMeterThread: Thread finished: RuleEngine_Refresh 1-6
2024-01-29 22:59:59,339 INFO o.a.j.t.JMeterThread: Thread finished: RuleEngine_Refresh 1-5
2024-01-29 23:00:02,324 INFO o.a.j.t.JMeterThread: Thread finished: RuleEngine_Refresh 1-4
2024-01-29 23:00:04,293 INFO o.a.j.t.JMeterThread: Thread finished: RuleEngine_Refresh 1-3
2024-01-29 23:00:05,871 INFO o.a.j.t.JMeterThread: Thread finished: RuleEngine_Refresh 1-2
2024-01-29 23:00:08,171 INFO o.a.j.t.JMeterThread: Thread finished: RuleEngine_Refresh 1-1
2024-01-29 23:00:08,171 INFO o.a.j.e.StandardJMeterEngine: Notifying test listeners of end of test
2024-01-29 23:00:08,171 INFO o.a.j.s.FileServer: Close: C:/_JmeterLoadTestFolder/DataSetup/RuleEngineScenario/WAFiles_Refresh.csv
2024-01-29 23:00:08,171 INFO o.a.j.s.FileServer: Close: C:/_JmeterLoadTestFolder/ChargeProcess/CERT.csv
2024-01-29 23:00:08,171 INFO o.a.j.s.FileServer: Close: C:/_JmeterLoadTestFolder/DataSetup/RuleEngineScenario/MIFiles_Refresh.csv
2024-01-29 23:00:08,171 INFO o.a.j.g.u.JMeterMenuBar: setRunning(false, *local*)
2024-01-30 00:41:14,633 INFO o.a.j.e.StandardJMeterEngine: Running the test!
2024-01-30 00:41:14,633 INFO o.a.j.s.SampleEvent: List of sample_variables: []
2024-01-30 00:41:14,636 INFO o.a.j.g.u.JMeterMenuBar: setRunning(true, *local*)
2024-01-30 00:41:14,730 INFO o.a.j.e.StandardJMeterEngine: Starting ThreadGroup: 1 : RuleEngine_Refresh
2024-01-30 00:41:14,730 INFO o.a.j.e.StandardJMeterEngine: Starting 50 threads for group RuleEngine_Refresh.
2024-01-30 00:41:14,730 INFO o.a.j.e.StandardJMeterEngine: Thread will continue on error
2024-01-30 00:41:14,730 INFO k.a.j.t.AbstractSimpleThreadGroup: Starting thread group number 1 threads 50
2024-01-30 00:41:14,772 INFO k.a.j.t.AbstractSimpleThreadGroup: Started thread group number 1
2024-01-30 00:41:14,772 INFO o.a.j.e.StandardJMeterEngine: All thread groups have been started
2024-01-30 00:41:16,743 INFO o.a.j.t.JMeterThread: Thread started: RuleEngine_Refresh 1-50
2024-01-30 00:41:16,743 INFO o.a.j.s.FileServer: Stored: C:/_JmeterLoadTestFolder/ChargeProcess/CERT.csv
2024-01-30 00:41:18,747 INFO o.a.j.t.JMeterThread: Thread started: RuleEngine_Refresh 1-49
2024-01-30 00:41:20,742 INFO o.a.j.t.JMeterThread: Thread started: RuleEngine_Refresh 1-48
2024-01-30 00:41:22,742 INFO o.a.j.t.JMeterThread: Thread started: RuleEngine_Refresh 1-47
2024-01-30 00:41:24,742 INFO o.a.j.t.JMeterThread: Thread started: RuleEngine_Refresh 1-46
2024-01-30 00:41:26,744 INFO o.a.j.t.JMeterThread: Thread started: RuleEngine_Refresh 1-45
2024-01-30 00:41:28,742 INFO o.a.j.t.JMeterThread: Thread started: RuleEngine_Refresh 1-44
2024-01-30 00:41:30,742 INFO o.a.j.t.JMeterThread: Thread started: RuleEngine_Refresh 1-43
2024-01-30 00:41:32,741 INFO o.a.j.t.JMeterThread: Thread started: RuleEngine_Refresh 1-42
2024-01-30 00:41:34,742 INFO o.a.j.t.JMeterThread: Thread started: RuleEngine_Refresh 1-41
2024-01-30 00:41:36,742 INFO o.a.j.t.JMeterThread: Thread started: RuleEngine_Refresh 1-40
2024-01-30 00:41:38,743 INFO o.a.j.t.JMeterThread: Thread started: RuleEngine_Refresh 1-39
2024-01-30 00:41:40,741 INFO o.a.j.t.JMeterThread: Thread started: RuleEngine_Refresh 1-38
2024-01-30 00:41:42,742 INFO o.a.j.t.JMeterThread: Thread started: RuleEngine_Refresh 1-37
2024-01-30 00:41:44,742 INFO o.a.j.t.JMeterThread: Thread started: RuleEngine_Refresh 1-36
2024-01-30 00:41:46,743 INFO o.a.j.t.JMeterThread: Thread started: RuleEngine_Refresh 1-35
2024-01-30 00:41:48,742 INFO o.a.j.t.JMeterThread: Thread started: RuleEngine_Refresh 1-34
2024-01-30 00:41:50,742 INFO o.a.j.t.JMeterThread: Thread started: RuleEngine_Refresh 1-33
2024-01-30 00:41:52,742 INFO o.a.j.t.JMeterThread: Thread started: RuleEngine_Refresh 1-32
2024-01-30 00:41:54,742 INFO o.a.j.t.JMeterThread: Thread started: RuleEngine_Refresh 1-31
2024-01-30 00:41:56,742 INFO o.a.j.t.JMeterThread: Thread started: RuleEngine_Refresh 1-30
2024-01-30 00:41:58,742 INFO o.a.j.t.JMeterThread: Thread started: RuleEngine_Refresh 1-29
2024-01-30 00:42:00,742 INFO o.a.j.t.JMeterThread: Thread started: RuleEngine_Refresh 1-28
2024-01-30 00:42:02,742 INFO o.a.j.t.JMeterThread: Thread started: RuleEngine_Refresh 1-27
2024-01-30 00:42:04,742 INFO o.a.j.t.JMeterThread: Thread started: RuleEngine_Refresh 1-26
2024-01-30 00:42:06,741 INFO o.a.j.t.JMeterThread: Thread started: RuleEngine_Refresh 1-25
2024-01-30 00:42:08,742 INFO o.a.j.t.JMeterThread: Thread started: RuleEngine_Refresh 1-24
2024-01-30 00:42:10,741 INFO o.a.j.t.JMeterThread: Thread started: RuleEngine_Refresh 1-23
2024-01-30 00:42:12,253 INFO o.a.j.s.FileServer: Stored: C:/_JmeterLoadTestFolder/DataSetup/RuleEngineScenario/WAFiles_Refresh.csv
2024-01-30 00:42:12,742 INFO o.a.j.t.JMeterThread: Thread started: RuleEngine_Refresh 1-22
2024-01-30 00:42:14,742 INFO o.a.j.t.JMeterThread: Thread started: RuleEngine_Refresh 1-21
2024-01-30 00:42:16,741 INFO o.a.j.t.JMeterThread: Thread started: RuleEngine_Refresh 1-20
2024-01-30 00:42:18,742 INFO o.a.j.t.JMeterThread: Thread started: RuleEngine_Refresh 1-19
2024-01-30 00:42:20,741 INFO o.a.j.t.JMeterThread: Thread started: RuleEngine_Refresh 1-18
2024-01-30 00:42:22,741 INFO o.a.j.t.JMeterThread: Thread started: RuleEngine_Refresh 1-17
2024-01-30 00:42:24,742 INFO o.a.j.t.JMeterThread: Thread started: RuleEngine_Refresh 1-16
2024-01-30 00:42:26,741 INFO o.a.j.t.JMeterThread: Thread started: RuleEngine_Refresh 1-15
2024-01-30 00:42:28,741 INFO o.a.j.t.JMeterThread: Thread started: RuleEngine_Refresh 1-14
2024-01-30 00:42:30,742 INFO o.a.j.t.JMeterThread: Thread started: RuleEngine_Refresh 1-13
2024-01-30 00:42:32,745 INFO o.a.j.t.JMeterThread: Thread started: RuleEngine_Refresh 1-12
2024-01-30 00:42:34,742 INFO o.a.j.t.JMeterThread: Thread started: RuleEngine_Refresh 1-11
2024-01-30 00:42:36,742 INFO o.a.j.t.JMeterThread: Thread started: RuleEngine_Refresh 1-10
2024-01-30 00:42:38,743 INFO o.a.j.t.JMeterThread: Thread started: RuleEngine_Refresh 1-9
2024-01-30 00:42:40,741 INFO o.a.j.t.JMeterThread: Thread started: RuleEngine_Refresh 1-8
2024-01-30 00:42:42,742 INFO o.a.j.t.JMeterThread: Thread started: RuleEngine_Refresh 1-7
2024-01-30 00:42:44,742 INFO o.a.j.t.JMeterThread: Thread started: RuleEngine_Refresh 1-6
2024-01-30 00:42:46,741 INFO o.a.j.t.JMeterThread: Thread started: RuleEngine_Refresh 1-5
2024-01-30 00:42:48,742 INFO o.a.j.t.JMeterThread: Thread started: RuleEngine_Refresh 1-4
2024-01-30 00:42:50,742 INFO o.a.j.t.JMeterThread: Thread started: RuleEngine_Refresh 1-3
2024-01-30 00:42:52,742 INFO o.a.j.t.JMeterThread: Thread started: RuleEngine_Refresh 1-2
2024-01-30 00:42:54,741 INFO o.a.j.t.JMeterThread: Thread started: RuleEngine_Refresh 1-1
2024-01-30 00:43:09,940 INFO o.a.j.s.FileServer: Stored: C:/_JmeterLoadTestFolder/DataSetup/RuleEngineScenario/MIFiles_Refresh.csv
2024-01-30 01:08:44,110 INFO o.a.j.t.JMeterThread: Thread finished: RuleEngine_Refresh 1-50
2024-01-30 01:08:47,612 INFO o.a.j.t.JMeterThread: Thread finished: RuleEngine_Refresh 1-49
2024-01-30 01:08:48,253 INFO o.a.j.t.JMeterThread: Thread finished: RuleEngine_Refresh 1-48
2024-01-30 01:08:50,268 INFO o.a.j.t.JMeterThread: Thread finished: RuleEngine_Refresh 1-47
2024-01-30 01:08:52,429 INFO o.a.j.t.JMeterThread: Thread finished: RuleEngine_Refresh 1-46
2024-01-30 01:08:54,712 INFO o.a.j.t.JMeterThread: Thread finished: RuleEngine_Refresh 1-45
2024-01-30 01:08:58,180 INFO o.a.j.t.JMeterThread: Thread finished: RuleEngine_Refresh 1-44
2024-01-30 01:08:59,596 INFO o.a.j.t.JMeterThread: Thread finished: RuleEngine_Refresh 1-43
2024-01-30 01:08:59,643 INFO o.a.j.t.JMeterThread: Thread finished: RuleEngine_Refresh 1-42
2024-01-30 01:09:01,862 INFO o.a.j.t.JMeterThread: Thread finished: RuleEngine_Refresh 1-41
2024-01-30 01:09:04,362 INFO o.a.j.t.JMeterThread: Thread finished: RuleEngine_Refresh 1-40
2024-01-30 01:09:06,468 INFO o.a.j.t.JMeterThread: Thread finished: RuleEngine_Refresh 1-39
2024-01-30 01:09:09,324 INFO o.a.j.t.JMeterThread: Thread finished: RuleEngine_Refresh 1-38
2024-01-30 01:09:09,777 INFO o.a.j.t.JMeterThread: Thread finished: RuleEngine_Refresh 1-37
2024-01-30 01:09:12,417 INFO o.a.j.t.JMeterThread: Thread finished: RuleEngine_Refresh 1-36
2024-01-30 01:09:14,098 INFO o.a.j.t.JMeterThread: Thread finished: RuleEngine_Refresh 1-35
2024-01-30 01:09:16,214 INFO o.a.j.t.JMeterThread: Thread finished: RuleEngine_Refresh 1-34
2024-01-30 01:09:18,276 INFO o.a.j.t.JMeterThread: Thread finished: RuleEngine_Refresh 1-33
2024-01-30 01:09:21,355 INFO o.a.j.t.JMeterThread: Thread finished: RuleEngine_Refresh 1-32
2024-01-30 01:09:21,980 INFO o.a.j.t.JMeterThread: Thread finished: RuleEngine_Refresh 1-31
2024-01-30 01:09:26,949 INFO o.a.j.t.JMeterThread: Thread finished: RuleEngine_Refresh 1-30
2024-01-30 01:09:27,121 INFO o.a.j.t.JMeterThread: Thread finished: RuleEngine_Refresh 1-29
2024-01-30 01:09:27,183 INFO o.a.j.t.JMeterThread: Thread finished: RuleEngine_Refresh 1-28
2024-01-30 01:09:28,511 INFO o.a.j.t.JMeterThread: Thread finished: RuleEngine_Refresh 1-27
2024-01-30 01:09:31,339 INFO o.a.j.t.JMeterThread: Thread finished: RuleEngine_Refresh 1-26
2024-01-30 01:09:33,203 INFO o.a.j.t.JMeterThread: Thread finished: RuleEngine_Refresh 1-25
2024-01-30 01:09:35,667 INFO o.a.j.t.JMeterThread: Thread finished: RuleEngine_Refresh 1-24
2024-01-30 01:09:36,730 INFO o.a.j.t.JMeterThread: Thread finished: RuleEngine_Refresh 1-23
2024-01-30 01:09:38,480 INFO o.a.j.t.JMeterThread: Thread finished: RuleEngine_Refresh 1-22
2024-01-30 01:09:41,138 INFO o.a.j.t.JMeterThread: Thread finished: RuleEngine_Refresh 1-21
2024-01-30 01:09:43,733 INFO o.a.j.t.JMeterThread: Thread finished: RuleEngine_Refresh 1-20
2024-01-30 01:09:45,958 INFO o.a.j.t.JMeterThread: Thread finished: RuleEngine_Refresh 1-19
2024-01-30 01:09:48,464 INFO o.a.j.t.JMeterThread: Thread finished: RuleEngine_Refresh 1-18
2024-01-30 01:09:52,492 INFO o.a.j.t.JMeterThread: Thread finished: RuleEngine_Refresh 1-17
2024-01-30 01:09:53,120 INFO o.a.j.t.JMeterThread: Thread finished: RuleEngine_Refresh 1-16
2024-01-30 01:09:54,622 INFO o.a.j.t.JMeterThread: Thread finished: RuleEngine_Refresh 1-15
2024-01-30 01:09:56,334 INFO o.a.j.t.JMeterThread: Thread finished: RuleEngine_Refresh 1-14
2024-01-30 01:09:58,621 INFO o.a.j.t.JMeterThread: Thread finished: RuleEngine_Refresh 1-13
2024-01-30 01:10:02,496 INFO o.a.j.t.JMeterThread: Thread finished: RuleEngine_Refresh 1-12
2024-01-30 01:10:03,136 INFO o.a.j.t.JMeterThread: Thread finished: RuleEngine_Refresh 1-11
2024-01-30 01:10:04,230 INFO o.a.j.t.JMeterThread: Thread finished: RuleEngine_Refresh 1-10
2024-01-30 01:10:09,394 INFO o.a.j.t.JMeterThread: Thread finished: RuleEngine_Refresh 1-8
2024-01-30 01:10:10,355 INFO o.a.j.t.JMeterThread: Thread finished: RuleEngine_Refresh 1-9
2024-01-30 01:10:11,543 INFO o.a.j.t.JMeterThread: Thread finished: RuleEngine_Refresh 1-7
2024-01-30 01:10:12,277 INFO o.a.j.t.JMeterThread: Thread finished: RuleEngine_Refresh 1-6
2024-01-30 01:10:15,605 INFO o.a.j.t.JMeterThread: Thread finished: RuleEngine_Refresh 1-5
2024-01-30 01:10:17,074 INFO o.a.j.t.JMeterThread: Thread finished: RuleEngine_Refresh 1-4
2024-01-30 01:10:22,620 INFO o.a.j.t.JMeterThread: Thread finished: RuleEngine_Refresh 1-1
2024-01-30 01:10:22,652 INFO o.a.j.t.JMeterThread: Thread finished: RuleEngine_Refresh 1-3
2024-01-30 01:10:23,355 INFO o.a.j.t.JMeterThread: Thread finished: RuleEngine_Refresh 1-2
2024-01-30 01:10:23,355 INFO o.a.j.e.StandardJMeterEngine: Notifying test listeners of end of test
2024-01-30 01:10:23,355 INFO o.a.j.s.FileServer: Close: C:/_JmeterLoadTestFolder/DataSetup/RuleEngineScenario/WAFiles_Refresh.csv
2024-01-30 01:10:23,355 INFO o.a.j.s.FileServer: Close: C:/_JmeterLoadTestFolder/ChargeProcess/CERT.csv
2024-01-30 01:10:23,355 INFO o.a.j.s.FileServer: Close: C:/_JmeterLoadTestFolder/DataSetup/RuleEngineScenario/MIFiles_Refresh.csv
2024-01-30 01:10:23,355 INFO o.a.j.g.u.JMeterMenuBar: setRunning(false, *local*)
2024-01-30 01:35:01,605 INFO o.a.j.e.StandardJMeterEngine: Running the test!
2024-01-30 01:35:01,605 INFO o.a.j.s.SampleEvent: List of sample_variables: []
2024-01-30 01:35:01,605 INFO o.a.j.g.u.JMeterMenuBar: setRunning(true, *local*)
2024-01-30 01:35:01,679 INFO o.a.j.e.StandardJMeterEngine: Starting ThreadGroup: 1 : RuleEngine_Refresh
2024-01-30 01:35:01,679 INFO o.a.j.e.StandardJMeterEngine: Starting 50 threads for group RuleEngine_Refresh.
2024-01-30 01:35:01,679 INFO o.a.j.e.StandardJMeterEngine: Thread will continue on error
2024-01-30 01:35:01,679 INFO k.a.j.t.AbstractSimpleThreadGroup: Starting thread group number 1 threads 50
2024-01-30 01:35:01,711 INFO k.a.j.t.AbstractSimpleThreadGroup: Started thread group number 1
2024-01-30 01:35:01,711 INFO o.a.j.e.StandardJMeterEngine: All thread groups have been started
2024-01-30 01:35:03,680 INFO o.a.j.t.JMeterThread: Thread started: RuleEngine_Refresh 1-50
2024-01-30 01:35:03,680 INFO o.a.j.s.FileServer: Stored: C:/_JmeterLoadTestFolder/ChargeProcess/CERT.csv
2024-01-30 01:35:05,682 INFO o.a.j.t.JMeterThread: Thread started: RuleEngine_Refresh 1-49
2024-01-30 01:35:07,680 INFO o.a.j.t.JMeterThread: Thread started: RuleEngine_Refresh 1-48
2024-01-30 01:35:09,682 INFO o.a.j.t.JMeterThread: Thread started: RuleEngine_Refresh 1-47
2024-01-30 01:35:11,681 INFO o.a.j.t.JMeterThread: Thread started: RuleEngine_Refresh 1-46
2024-01-30 01:35:13,680 INFO o.a.j.t.JMeterThread: Thread started: RuleEngine_Refresh 1-45
2024-01-30 01:35:15,680 INFO o.a.j.t.JMeterThread: Thread started: RuleEngine_Refresh 1-44
2024-01-30 01:35:17,679 INFO o.a.j.t.JMeterThread: Thread started: RuleEngine_Refresh 1-43
2024-01-30 01:35:19,679 INFO o.a.j.t.JMeterThread: Thread started: RuleEngine_Refresh 1-42
2024-01-30 01:35:21,680 INFO o.a.j.t.JMeterThread: Thread started: RuleEngine_Refresh 1-41
2024-01-30 01:35:23,682 INFO o.a.j.t.JMeterThread: Thread started: RuleEngine_Refresh 1-40
2024-01-30 01:35:25,679 INFO o.a.j.t.JMeterThread: Thread started: RuleEngine_Refresh 1-39
2024-01-30 01:35:27,679 INFO o.a.j.t.JMeterThread: Thread started: RuleEngine_Refresh 1-38
2024-01-30 01:35:29,681 INFO o.a.j.t.JMeterThread: Thread started: RuleEngine_Refresh 1-37
2024-01-30 01:35:31,681 INFO o.a.j.t.JMeterThread: Thread started: RuleEngine_Refresh 1-36
2024-01-30 01:35:33,680 INFO o.a.j.t.JMeterThread: Thread started: RuleEngine_Refresh 1-35
2024-01-30 01:35:35,680 INFO o.a.j.t.JMeterThread: Thread started: RuleEngine_Refresh 1-34
2024-01-30 01:35:37,679 INFO o.a.j.t.JMeterThread: Thread started: RuleEngine_Refresh 1-33
2024-01-30 01:35:39,680 INFO o.a.j.t.JMeterThread: Thread started: RuleEngine_Refresh 1-32
2024-01-30 01:35:41,680 INFO o.a.j.t.JMeterThread: Thread started: RuleEngine_Refresh 1-31
2024-01-30 01:35:43,679 INFO o.a.j.t.JMeterThread: Thread started: RuleEngine_Refresh 1-30
2024-01-30 01:35:45,679 INFO o.a.j.t.JMeterThread: Thread started: RuleEngine_Refresh 1-29
2024-01-30 01:35:47,680 INFO o.a.j.t.JMeterThread: Thread started: RuleEngine_Refresh 1-28
2024-01-30 01:35:49,679 INFO o.a.j.t.JMeterThread: Thread started: RuleEngine_Refresh 1-27
2024-01-30 01:35:51,680 INFO o.a.j.t.JMeterThread: Thread started: RuleEngine_Refresh 1-26
2024-01-30 01:35:53,680 INFO o.a.j.t.JMeterThread: Thread started: RuleEngine_Refresh 1-25
2024-01-30 01:35:55,679 INFO o.a.j.t.JMeterThread: Thread started: RuleEngine_Refresh 1-24
2024-01-30 01:35:57,679 INFO o.a.j.t.JMeterThread: Thread started: RuleEngine_Refresh 1-23
2024-01-30 01:35:59,295 INFO o.a.j.s.FileServer: Stored: C:/_JmeterLoadTestFolder/DataSetup/RuleEngineScenario/WAFiles_Refresh.csv
2024-01-30 01:35:59,680 INFO o.a.j.t.JMeterThread: Thread started: RuleEngine_Refresh 1-22
2024-01-30 01:36:01,679 INFO o.a.j.t.JMeterThread: Thread started: RuleEngine_Refresh 1-21
2024-01-30 01:36:03,679 INFO o.a.j.t.JMeterThread: Thread started: RuleEngine_Refresh 1-20
2024-01-30 01:36:05,680 INFO o.a.j.t.JMeterThread: Thread started: RuleEngine_Refresh 1-19
2024-01-30 01:36:07,680 INFO o.a.j.t.JMeterThread: Thread started: RuleEngine_Refresh 1-18
2024-01-30 01:36:09,685 INFO o.a.j.t.JMeterThread: Thread started: RuleEngine_Refresh 1-17
2024-01-30 01:36:11,685 INFO o.a.j.t.JMeterThread: Thread started: RuleEngine_Refresh 1-16
2024-01-30 01:36:13,679 INFO o.a.j.t.JMeterThread: Thread started: RuleEngine_Refresh 1-15
2024-01-30 01:36:15,680 INFO o.a.j.t.JMeterThread: Thread started: RuleEngine_Refresh 1-14
2024-01-30 01:36:17,679 INFO o.a.j.t.JMeterThread: Thread started: RuleEngine_Refresh 1-13
2024-01-30 01:36:19,680 INFO o.a.j.t.JMeterThread: Thread started: RuleEngine_Refresh 1-12
2024-01-30 01:36:21,679 INFO o.a.j.t.JMeterThread: Thread started: RuleEngine_Refresh 1-11
2024-01-30 01:36:23,680 INFO o.a.j.t.JMeterThread: Thread started: RuleEngine_Refresh 1-10
2024-01-30 01:36:25,680 INFO o.a.j.t.JMeterThread: Thread started: RuleEngine_Refresh 1-9
2024-01-30 01:36:27,680 INFO o.a.j.t.JMeterThread: Thread started: RuleEngine_Refresh 1-8
2024-01-30 01:36:29,683 INFO o.a.j.t.JMeterThread: Thread started: RuleEngine_Refresh 1-7
2024-01-30 01:36:31,683 INFO o.a.j.t.JMeterThread: Thread started: RuleEngine_Refresh 1-6
2024-01-30 01:36:33,688 INFO o.a.j.t.JMeterThread: Thread started: RuleEngine_Refresh 1-5
2024-01-30 01:36:35,683 INFO o.a.j.t.JMeterThread: Thread started: RuleEngine_Refresh 1-4
2024-01-30 01:36:37,692 INFO o.a.j.t.JMeterThread: Thread started: RuleEngine_Refresh 1-3
2024-01-30 01:36:39,683 INFO o.a.j.t.JMeterThread: Thread started: RuleEngine_Refresh 1-2
2024-01-30 01:36:41,683 INFO o.a.j.t.JMeterThread: Thread started: RuleEngine_Refresh 1-1
